<?xml version="1.0" encoding="UTF-8"?>
<testsuite xmlns:xsi="http://www.w3.org/2001/XMLSchema-instance" xsi:noNamespaceSchemaLocation="https://maven.apache.org/surefire/maven-surefire-plugin/xsd/surefire-test-report-3.0.xsd" version="3.0" name="TestSuite" time="105.362" tests="15" errors="0" skipped="0" failures="5">
  <properties>
[...]
</properties>
  <testcase name="testSplashPageLoads" classname="com.rankinggame.testcases.SplashPageTest" time="0.691">
    <system-out><![CDATA[18:46:13.455 [main] DEBUG org.testng.TestNG -- suiteXmlPath: "/Users/ruth/Dropbox/Developer/apps/qae/Java/src/test/resources/testng.xml"
18:46:13.623 [main] DEBUG io.github.bonigarcia.wdm.WebDriverManager -- Using WebDriverManager 5.6.3
18:46:13.798 [main] DEBUG io.github.bonigarcia.wdm.cache.ResolutionCache -- Resolution chrome=134 in cache (valid until 19:39:51 01/04/2025 PDT)
18:46:13.799 [main] DEBUG io.github.bonigarcia.wdm.cache.ResolutionCache -- Resolution chrome134=134.0.6998.165 in cache (valid until 16:06:53 02/04/2025 PDT)
18:46:13.799 [main] INFO io.github.bonigarcia.wdm.WebDriverManager -- Using chromedriver 134.0.6998.165 (resolved driver for Chrome 134)
18:46:13.807 [main] DEBUG io.github.bonigarcia.wdm.WebDriverManager -- Driver chromedriver 134.0.6998.165 found in cache
18:46:13.807 [main] INFO io.github.bonigarcia.wdm.WebDriverManager -- Exporting webdriver.chrome.driver as /Users/ruth/.cache/selenium/chromedriver/mac-arm64/134.0.6998.165/chromedriver
]]></system-out>
    <system-err><![CDATA[Apr 01, 2025 6:46:14 PM org.openqa.selenium.devtools.CdpVersionFinder findNearestMatch
WARNING: Unable to find CDP implementation matching 134
Apr 01, 2025 6:46:14 PM org.openqa.selenium.chromium.ChromiumDriver lambda$new$5
WARNING: Unable to find version of CDP to use for 134.0.6998.166. You may need to include a dependency on a specific version of the CDP using something similar to `org.seleniumhq.selenium:selenium-devtools-v86:4.17.0` where the version ("v86") matches the version of the chromium-based browser you're using and the version number of the artifact is the same as Selenium's.
]]></system-err>
  </testcase>
  <testcase name="testTopicInputAndSubmit" classname="com.rankinggame.testcases.SplashPageTest" time="1.463"/>
  <testcase name="testAudioElementsLoaded" classname="com.rankinggame.testcases.SplashPageTest" time="51.602">
    <failure message="At least one audio element should be loaded expected [true] but found [false]" type="java.lang.AssertionError"><![CDATA[java.lang.AssertionError: At least one audio element should be loaded expected [true] but found [false]
	at org.testng.Assert.fail(Assert.java:111)
	at org.testng.Assert.failNotEquals(Assert.java:1578)
	at org.testng.Assert.assertTrue(Assert.java:57)
	at com.rankinggame.testcases.SplashPageTest.testAudioElementsLoaded(SplashPageTest.java:126)
	at java.base/jdk.internal.reflect.DirectMethodHandleAccessor.invoke(DirectMethodHandleAccessor.java:103)
	at java.base/java.lang.reflect.Method.invoke(Method.java:580)
	at org.testng.internal.invokers.MethodInvocationHelper.invokeMethod(MethodInvocationHelper.java:139)
	at org.testng.internal.invokers.TestInvoker.invokeMethod(TestInvoker.java:664)
	at org.testng.internal.invokers.TestInvoker.invokeTestMethod(TestInvoker.java:228)
	at org.testng.internal.invokers.MethodRunner.runInSequence(MethodRunner.java:63)
	at org.testng.internal.invokers.TestInvoker$MethodInvocationAgent.invoke(TestInvoker.java:961)
	at org.testng.internal.invokers.TestInvoker.invokeTestMethods(TestInvoker.java:201)
	at org.testng.internal.invokers.TestMethodWorker.invokeTestMethods(TestMethodWorker.java:148)
	at org.testng.internal.invokers.TestMethodWorker.run(TestMethodWorker.java:128)
	at java.base/java.util.ArrayList.forEach(ArrayList.java:1596)
	at org.testng.TestRunner.privateRun(TestRunner.java:819)
	at org.testng.TestRunner.run(TestRunner.java:619)
	at org.testng.SuiteRunner.runTest(SuiteRunner.java:443)
	at org.testng.SuiteRunner.runSequentially(SuiteRunner.java:437)
	at org.testng.SuiteRunner.privateRun(SuiteRunner.java:397)
	at org.testng.SuiteRunner.run(SuiteRunner.java:336)
	at org.testng.SuiteRunnerWorker.runSuite(SuiteRunnerWorker.java:52)
	at org.testng.SuiteRunnerWorker.run(SuiteRunnerWorker.java:95)
	at org.testng.TestNG.runSuitesSequentially(TestNG.java:1301)
	at org.testng.TestNG.runSuitesLocally(TestNG.java:1228)
	at org.testng.TestNG.runSuites(TestNG.java:1134)
	at org.testng.TestNG.run(TestNG.java:1101)
	at org.apache.maven.surefire.testng.TestNGExecutor.run(TestNGExecutor.java:308)
	at org.apache.maven.surefire.testng.TestNGXmlTestSuite.execute(TestNGXmlTestSuite.java:71)
	at org.apache.maven.surefire.testng.TestNGProvider.invoke(TestNGProvider.java:113)
	at org.apache.maven.surefire.booter.ForkedBooter.runSuitesInProcess(ForkedBooter.java:385)
	at org.apache.maven.surefire.booter.ForkedBooter.execute(ForkedBooter.java:162)
	at org.apache.maven.surefire.booter.ForkedBooter.run(ForkedBooter.java:507)
	at org.apache.maven.surefire.booter.ForkedBooter.main(ForkedBooter.java:495)
]]></failure>
  </testcase>
  <testcase name="testInputFieldEdgeCases" classname="com.rankinggame.testcases.SplashPageTest" time="10.521">
    <failure message="Expected condition failed: waiting for visibility of [[ChromeDriver: chrome on mac (c25e5acd19f02f839065d759ac8fc909)] -&gt; id: topicInput] (tried for 10 second(s) with 500 milliseconds interval)&#10;Build info: version: &apos;4.17.0&apos;, revision: &apos;e52b1be057*&apos;&#10;System info: os.name: &apos;Mac OS X&apos;, os.arch: &apos;aarch64&apos;, os.version: &apos;15.3.2&apos;, java.version: &apos;21.0.2&apos;&#10;Driver info: org.openqa.selenium.chrome.ChromeDriver&#10;Capabilities {acceptInsecureCerts: false, browserName: chrome, browserVersion: 134.0.6998.166, chrome: {chromedriverVersion: 134.0.6998.165 (fd886e2cb29..., userDataDir: /var/folders/xr/32pw_ml94qq...}, fedcm:accounts: true, goog:chromeOptions: {debuggerAddress: localhost:57068}, networkConnectionEnabled: false, pageLoadStrategy: normal, platformName: mac, proxy: Proxy(), se:cdp: ws://localhost:57068/devtoo..., se:cdpVersion: 134.0.6998.166, setWindowRect: true, strictFileInteractability: false, timeouts: {implicit: 0, pageLoad: 300000, script: 30000}, unhandledPromptBehavior: dismiss and notify, webauthn:extension:credBlob: true, webauthn:extension:largeBlob: true, webauthn:extension:minPinLength: true, webauthn:extension:prf: true, webauthn:virtualAuthenticators: true}&#10;Session ID: c25e5acd19f02f839065d759ac8fc909" type="org.openqa.selenium.TimeoutException"><![CDATA[org.openqa.selenium.TimeoutException: 
Expected condition failed: waiting for visibility of [[ChromeDriver: chrome on mac (c25e5acd19f02f839065d759ac8fc909)] -> id: topicInput] (tried for 10 second(s) with 500 milliseconds interval)
Build info: version: '4.17.0', revision: 'e52b1be057*'
System info: os.name: 'Mac OS X', os.arch: 'aarch64', os.version: '15.3.2', java.version: '21.0.2'
Driver info: org.openqa.selenium.chrome.ChromeDriver
Capabilities {acceptInsecureCerts: false, browserName: chrome, browserVersion: 134.0.6998.166, chrome: {chromedriverVersion: 134.0.6998.165 (fd886e2cb29..., userDataDir: /var/folders/xr/32pw_ml94qq...}, fedcm:accounts: true, goog:chromeOptions: {debuggerAddress: localhost:57068}, networkConnectionEnabled: false, pageLoadStrategy: normal, platformName: mac, proxy: Proxy(), se:cdp: ws://localhost:57068/devtoo..., se:cdpVersion: 134.0.6998.166, setWindowRect: true, strictFileInteractability: false, timeouts: {implicit: 0, pageLoad: 300000, script: 30000}, unhandledPromptBehavior: dismiss and notify, webauthn:extension:credBlob: true, webauthn:extension:largeBlob: true, webauthn:extension:minPinLength: true, webauthn:extension:prf: true, webauthn:virtualAuthenticators: true}
Session ID: c25e5acd19f02f839065d759ac8fc909
	at org.openqa.selenium.support.ui.WebDriverWait.timeoutException(WebDriverWait.java:84)
	at org.openqa.selenium.support.ui.FluentWait.until(FluentWait.java:228)
	at com.rankinggame.pages.BasePage.waitForElementVisible(BasePage.java:44)
	at com.rankinggame.pages.BasePage.sendKeys(BasePage.java:128)
	at com.rankinggame.pages.SplashPage.enterTopic(SplashPage.java:60)
	at com.rankinggame.testcases.SplashPageTest.testInputFieldEdgeCases(SplashPageTest.java:136)
	at java.base/jdk.internal.reflect.DirectMethodHandleAccessor.invoke(DirectMethodHandleAccessor.java:103)
	at java.base/java.lang.reflect.Method.invoke(Method.java:580)
	at org.testng.internal.invokers.MethodInvocationHelper.invokeMethod(MethodInvocationHelper.java:139)
	at org.testng.internal.invokers.TestInvoker.invokeMethod(TestInvoker.java:664)
	at org.testng.internal.invokers.TestInvoker.invokeTestMethod(TestInvoker.java:228)
	at org.testng.internal.invokers.MethodRunner.runInSequence(MethodRunner.java:63)
	at org.testng.internal.invokers.TestInvoker$MethodInvocationAgent.invoke(TestInvoker.java:961)
	at org.testng.internal.invokers.TestInvoker.invokeTestMethods(TestInvoker.java:201)
	at org.testng.internal.invokers.TestMethodWorker.invokeTestMethods(TestMethodWorker.java:148)
	at org.testng.internal.invokers.TestMethodWorker.run(TestMethodWorker.java:128)
	at java.base/java.util.ArrayList.forEach(ArrayList.java:1596)
	at org.testng.TestRunner.privateRun(TestRunner.java:819)
	at org.testng.TestRunner.run(TestRunner.java:619)
	at org.testng.SuiteRunner.runTest(SuiteRunner.java:443)
	at org.testng.SuiteRunner.runSequentially(SuiteRunner.java:437)
	at org.testng.SuiteRunner.privateRun(SuiteRunner.java:397)
	at org.testng.SuiteRunner.run(SuiteRunner.java:336)
	at org.testng.SuiteRunnerWorker.runSuite(SuiteRunnerWorker.java:52)
	at org.testng.SuiteRunnerWorker.run(SuiteRunnerWorker.java:95)
	at org.testng.TestNG.runSuitesSequentially(TestNG.java:1301)
	at org.testng.TestNG.runSuitesLocally(TestNG.java:1228)
	at org.testng.TestNG.runSuites(TestNG.java:1134)
	at org.testng.TestNG.run(TestNG.java:1101)
	at org.apache.maven.surefire.testng.TestNGExecutor.run(TestNGExecutor.java:308)
	at org.apache.maven.surefire.testng.TestNGXmlTestSuite.execute(TestNGXmlTestSuite.java:71)
	at org.apache.maven.surefire.testng.TestNGProvider.invoke(TestNGProvider.java:113)
	at org.apache.maven.surefire.booter.ForkedBooter.runSuitesInProcess(ForkedBooter.java:385)
	at org.apache.maven.surefire.booter.ForkedBooter.execute(ForkedBooter.java:162)
	at org.apache.maven.surefire.booter.ForkedBooter.run(ForkedBooter.java:507)
	at org.apache.maven.surefire.booter.ForkedBooter.main(ForkedBooter.java:495)
]]></failure>
  </testcase>
  <testcase name="testAddField" classname="com.rankinggame.testcases.InputPageTest" time="0.563">
    <system-out><![CDATA[18:47:19.979 [main] DEBUG io.github.bonigarcia.wdm.WebDriverManager -- Using WebDriverManager 5.6.3
18:47:19.983 [main] DEBUG io.github.bonigarcia.wdm.cache.ResolutionCache -- Resolution chrome=134 in cache (valid until 19:39:51 01/04/2025 PDT)
18:47:19.983 [main] DEBUG io.github.bonigarcia.wdm.cache.ResolutionCache -- Resolution chrome134=134.0.6998.165 in cache (valid until 16:06:53 02/04/2025 PDT)
18:47:19.983 [main] INFO io.github.bonigarcia.wdm.WebDriverManager -- Using chromedriver 134.0.6998.165 (resolved driver for Chrome 134)
18:47:19.986 [main] DEBUG io.github.bonigarcia.wdm.WebDriverManager -- Driver chromedriver 134.0.6998.165 found in cache
18:47:19.986 [main] INFO io.github.bonigarcia.wdm.WebDriverManager -- Exporting webdriver.chrome.driver as /Users/ruth/.cache/selenium/chromedriver/mac-arm64/134.0.6998.165/chromedriver
]]></system-out>
    <system-err><![CDATA[Apr 01, 2025 6:47:20 PM org.openqa.selenium.devtools.CdpVersionFinder findNearestMatch
WARNING: Unable to find CDP implementation matching 134
Apr 01, 2025 6:47:20 PM org.openqa.selenium.chromium.ChromiumDriver lambda$new$5
WARNING: Unable to find version of CDP to use for 134.0.6998.166. You may need to include a dependency on a specific version of the CDP using something similar to `org.seleniumhq.selenium:selenium-devtools-v86:4.17.0` where the version ("v86") matches the version of the chromium-based browser you're using and the version number of the artifact is the same as Selenium's.
]]></system-err>
  </testcase>
  <testcase name="testInitialInputFields" classname="com.rankinggame.testcases.InputPageTest" time="0.096">
    <system-out><![CDATA[18:47:22.826 [main] DEBUG io.github.bonigarcia.wdm.WebDriverManager -- Using WebDriverManager 5.6.3
18:47:22.831 [main] DEBUG io.github.bonigarcia.wdm.cache.ResolutionCache -- Resolution chrome=134 in cache (valid until 19:39:51 01/04/2025 PDT)
18:47:22.831 [main] DEBUG io.github.bonigarcia.wdm.cache.ResolutionCache -- Resolution chrome134=134.0.6998.165 in cache (valid until 16:06:53 02/04/2025 PDT)
18:47:22.831 [main] INFO io.github.bonigarcia.wdm.WebDriverManager -- Using chromedriver 134.0.6998.165 (resolved driver for Chrome 134)
18:47:22.834 [main] DEBUG io.github.bonigarcia.wdm.WebDriverManager -- Driver chromedriver 134.0.6998.165 found in cache
18:47:22.834 [main] INFO io.github.bonigarcia.wdm.WebDriverManager -- Exporting webdriver.chrome.driver as /Users/ruth/.cache/selenium/chromedriver/mac-arm64/134.0.6998.165/chromedriver
]]></system-out>
    <system-err><![CDATA[Apr 01, 2025 6:47:23 PM org.openqa.selenium.devtools.CdpVersionFinder findNearestMatch
WARNING: Unable to find CDP implementation matching 134
Apr 01, 2025 6:47:23 PM org.openqa.selenium.chromium.ChromiumDriver lambda$new$5
WARNING: Unable to find version of CDP to use for 134.0.6998.166. You may need to include a dependency on a specific version of the CDP using something similar to `org.seleniumhq.selenium:selenium-devtools-v86:4.17.0` where the version ("v86") matches the version of the chromium-based browser you're using and the version number of the artifact is the same as Selenium's.
]]></system-err>
  </testcase>
  <testcase name="testInputFieldPlaceholders" classname="com.rankinggame.testcases.InputPageTest" time="0.039">
    <system-out><![CDATA[18:47:25.178 [main] DEBUG io.github.bonigarcia.wdm.WebDriverManager -- Using WebDriverManager 5.6.3
18:47:25.181 [main] DEBUG io.github.bonigarcia.wdm.cache.ResolutionCache -- Resolution chrome=134 in cache (valid until 19:39:51 01/04/2025 PDT)
18:47:25.181 [main] DEBUG io.github.bonigarcia.wdm.cache.ResolutionCache -- Resolution chrome134=134.0.6998.165 in cache (valid until 16:06:53 02/04/2025 PDT)
18:47:25.181 [main] INFO io.github.bonigarcia.wdm.WebDriverManager -- Using chromedriver 134.0.6998.165 (resolved driver for Chrome 134)
18:47:25.183 [main] DEBUG io.github.bonigarcia.wdm.WebDriverManager -- Driver chromedriver 134.0.6998.165 found in cache
18:47:25.183 [main] INFO io.github.bonigarcia.wdm.WebDriverManager -- Exporting webdriver.chrome.driver as /Users/ruth/.cache/selenium/chromedriver/mac-arm64/134.0.6998.165/chromedriver
]]></system-out>
    <system-err><![CDATA[Apr 01, 2025 6:47:25 PM org.openqa.selenium.devtools.CdpVersionFinder findNearestMatch
WARNING: Unable to find CDP implementation matching 134
Apr 01, 2025 6:47:25 PM org.openqa.selenium.chromium.ChromiumDriver lambda$new$5
WARNING: Unable to find version of CDP to use for 134.0.6998.166. You may need to include a dependency on a specific version of the CDP using something similar to `org.seleniumhq.selenium:selenium-devtools-v86:4.17.0` where the version ("v86") matches the version of the chromium-based browser you're using and the version number of the artifact is the same as Selenium's.
]]></system-err>
  </testcase>
  <testcase name="testInputFieldsAndRankButton" classname="com.rankinggame.testcases.InputPageTest" time="1.177">
    <failure message="URL should contain &apos;/matchup&apos; after clicking Rank button expected [true] but found [false]" type="java.lang.AssertionError"><![CDATA[java.lang.AssertionError: URL should contain '/matchup' after clicking Rank button expected [true] but found [false]
	at org.testng.Assert.fail(Assert.java:111)
	at org.testng.Assert.failNotEquals(Assert.java:1578)
	at org.testng.Assert.assertTrue(Assert.java:57)
	at com.rankinggame.testcases.InputPageTest.testInputFieldsAndRankButton(InputPageTest.java:109)
	at java.base/jdk.internal.reflect.DirectMethodHandleAccessor.invoke(DirectMethodHandleAccessor.java:103)
	at java.base/java.lang.reflect.Method.invoke(Method.java:580)
	at org.testng.internal.invokers.MethodInvocationHelper.invokeMethod(MethodInvocationHelper.java:139)
	at org.testng.internal.invokers.TestInvoker.invokeMethod(TestInvoker.java:664)
	at org.testng.internal.invokers.TestInvoker.invokeTestMethod(TestInvoker.java:228)
	at org.testng.internal.invokers.MethodRunner.runInSequence(MethodRunner.java:63)
	at org.testng.internal.invokers.TestInvoker$MethodInvocationAgent.invoke(TestInvoker.java:961)
	at org.testng.internal.invokers.TestInvoker.invokeTestMethods(TestInvoker.java:201)
	at org.testng.internal.invokers.TestMethodWorker.invokeTestMethods(TestMethodWorker.java:148)
	at org.testng.internal.invokers.TestMethodWorker.run(TestMethodWorker.java:128)
	at java.base/java.util.ArrayList.forEach(ArrayList.java:1596)
	at org.testng.TestRunner.privateRun(TestRunner.java:819)
	at org.testng.TestRunner.run(TestRunner.java:619)
	at org.testng.SuiteRunner.runTest(SuiteRunner.java:443)
	at org.testng.SuiteRunner.runSequentially(SuiteRunner.java:437)
	at org.testng.SuiteRunner.privateRun(SuiteRunner.java:397)
	at org.testng.SuiteRunner.run(SuiteRunner.java:336)
	at org.testng.SuiteRunnerWorker.runSuite(SuiteRunnerWorker.java:52)
	at org.testng.SuiteRunnerWorker.run(SuiteRunnerWorker.java:95)
	at org.testng.TestNG.runSuitesSequentially(TestNG.java:1301)
	at org.testng.TestNG.runSuitesLocally(TestNG.java:1228)
	at org.testng.TestNG.runSuites(TestNG.java:1134)
	at org.testng.TestNG.run(TestNG.java:1101)
	at org.apache.maven.surefire.testng.TestNGExecutor.run(TestNGExecutor.java:308)
	at org.apache.maven.surefire.testng.TestNGXmlTestSuite.execute(TestNGXmlTestSuite.java:71)
	at org.apache.maven.surefire.testng.TestNGProvider.invoke(TestNGProvider.java:113)
	at org.apache.maven.surefire.booter.ForkedBooter.runSuitesInProcess(ForkedBooter.java:385)
	at org.apache.maven.surefire.booter.ForkedBooter.execute(ForkedBooter.java:162)
	at org.apache.maven.surefire.booter.ForkedBooter.run(ForkedBooter.java:507)
	at org.apache.maven.surefire.booter.ForkedBooter.main(ForkedBooter.java:495)
]]></failure>
    <system-out><![CDATA[18:47:27.472 [main] DEBUG io.github.bonigarcia.wdm.WebDriverManager -- Using WebDriverManager 5.6.3
18:47:27.475 [main] DEBUG io.github.bonigarcia.wdm.cache.ResolutionCache -- Resolution chrome=134 in cache (valid until 19:39:51 01/04/2025 PDT)
18:47:27.475 [main] DEBUG io.github.bonigarcia.wdm.cache.ResolutionCache -- Resolution chrome134=134.0.6998.165 in cache (valid until 16:06:53 02/04/2025 PDT)
18:47:27.475 [main] INFO io.github.bonigarcia.wdm.WebDriverManager -- Using chromedriver 134.0.6998.165 (resolved driver for Chrome 134)
18:47:27.476 [main] DEBUG io.github.bonigarcia.wdm.WebDriverManager -- Driver chromedriver 134.0.6998.165 found in cache
18:47:27.476 [main] INFO io.github.bonigarcia.wdm.WebDriverManager -- Exporting webdriver.chrome.driver as /Users/ruth/.cache/selenium/chromedriver/mac-arm64/134.0.6998.165/chromedriver
]]></system-out>
    <system-err><![CDATA[Apr 01, 2025 6:47:28 PM org.openqa.selenium.devtools.CdpVersionFinder findNearestMatch
WARNING: Unable to find CDP implementation matching 134
Apr 01, 2025 6:47:28 PM org.openqa.selenium.chromium.ChromiumDriver lambda$new$5
WARNING: Unable to find version of CDP to use for 134.0.6998.166. You may need to include a dependency on a specific version of the CDP using something similar to `org.seleniumhq.selenium:selenium-devtools-v86:4.17.0` where the version ("v86") matches the version of the chromium-based browser you're using and the version number of the artifact is the same as Selenium's.
]]></system-err>
  </testcase>
  <testcase name="testMaximumFields" classname="com.rankinggame.testcases.InputPageTest" time="7.464">
    <system-out><![CDATA[18:47:30.885 [main] DEBUG io.github.bonigarcia.wdm.WebDriverManager -- Using WebDriverManager 5.6.3
18:47:30.887 [main] DEBUG io.github.bonigarcia.wdm.cache.ResolutionCache -- Resolution chrome=134 in cache (valid until 19:39:51 01/04/2025 PDT)
18:47:30.888 [main] DEBUG io.github.bonigarcia.wdm.cache.ResolutionCache -- Resolution chrome134=134.0.6998.165 in cache (valid until 16:06:53 02/04/2025 PDT)
18:47:30.888 [main] INFO io.github.bonigarcia.wdm.WebDriverManager -- Using chromedriver 134.0.6998.165 (resolved driver for Chrome 134)
18:47:30.889 [main] DEBUG io.github.bonigarcia.wdm.WebDriverManager -- Driver chromedriver 134.0.6998.165 found in cache
18:47:30.889 [main] INFO io.github.bonigarcia.wdm.WebDriverManager -- Exporting webdriver.chrome.driver as /Users/ruth/.cache/selenium/chromedriver/mac-arm64/134.0.6998.165/chromedriver
]]></system-out>
    <system-err><![CDATA[Apr 01, 2025 6:47:31 PM org.openqa.selenium.devtools.CdpVersionFinder findNearestMatch
WARNING: Unable to find CDP implementation matching 134
Apr 01, 2025 6:47:31 PM org.openqa.selenium.chromium.ChromiumDriver lambda$new$5
WARNING: Unable to find version of CDP to use for 134.0.6998.166. You may need to include a dependency on a specific version of the CDP using something similar to `org.seleniumhq.selenium:selenium-devtools-v86:4.17.0` where the version ("v86") matches the version of the chromium-based browser you're using and the version number of the artifact is the same as Selenium's.
]]></system-err>
  </testcase>
  <testcase name="testPageElements" classname="com.rankinggame.testcases.InputPageTest" time="0.059">
    <system-out><![CDATA[18:47:40.638 [main] DEBUG io.github.bonigarcia.wdm.WebDriverManager -- Using WebDriverManager 5.6.3
18:47:40.641 [main] DEBUG io.github.bonigarcia.wdm.cache.ResolutionCache -- Resolution chrome=134 in cache (valid until 19:39:51 01/04/2025 PDT)
18:47:40.642 [main] DEBUG io.github.bonigarcia.wdm.cache.ResolutionCache -- Resolution chrome134=134.0.6998.165 in cache (valid until 16:06:53 02/04/2025 PDT)
18:47:40.642 [main] INFO io.github.bonigarcia.wdm.WebDriverManager -- Using chromedriver 134.0.6998.165 (resolved driver for Chrome 134)
18:47:40.643 [main] DEBUG io.github.bonigarcia.wdm.WebDriverManager -- Driver chromedriver 134.0.6998.165 found in cache
18:47:40.644 [main] INFO io.github.bonigarcia.wdm.WebDriverManager -- Exporting webdriver.chrome.driver as /Users/ruth/.cache/selenium/chromedriver/mac-arm64/134.0.6998.165/chromedriver
]]></system-out>
    <system-err><![CDATA[Apr 01, 2025 6:47:41 PM org.openqa.selenium.devtools.CdpVersionFinder findNearestMatch
WARNING: Unable to find CDP implementation matching 134
Apr 01, 2025 6:47:41 PM org.openqa.selenium.chromium.ChromiumDriver lambda$new$5
WARNING: Unable to find version of CDP to use for 134.0.6998.166. You may need to include a dependency on a specific version of the CDP using something similar to `org.seleniumhq.selenium:selenium-devtools-v86:4.17.0` where the version ("v86") matches the version of the chromium-based browser you're using and the version number of the artifact is the same as Selenium's.
]]></system-err>
  </testcase>
  <testcase name="testRankButtonDisabledByDefault" classname="com.rankinggame.testcases.InputPageTest" time="0.01">
    <system-out><![CDATA[18:47:43.005 [main] DEBUG io.github.bonigarcia.wdm.WebDriverManager -- Using WebDriverManager 5.6.3
18:47:43.008 [main] DEBUG io.github.bonigarcia.wdm.cache.ResolutionCache -- Resolution chrome=134 in cache (valid until 19:39:51 01/04/2025 PDT)
18:47:43.008 [main] DEBUG io.github.bonigarcia.wdm.cache.ResolutionCache -- Resolution chrome134=134.0.6998.165 in cache (valid until 16:06:53 02/04/2025 PDT)
18:47:43.008 [main] INFO io.github.bonigarcia.wdm.WebDriverManager -- Using chromedriver 134.0.6998.165 (resolved driver for Chrome 134)
18:47:43.009 [main] DEBUG io.github.bonigarcia.wdm.WebDriverManager -- Driver chromedriver 134.0.6998.165 found in cache
18:47:43.010 [main] INFO io.github.bonigarcia.wdm.WebDriverManager -- Exporting webdriver.chrome.driver as /Users/ruth/.cache/selenium/chromedriver/mac-arm64/134.0.6998.165/chromedriver
]]></system-out>
    <system-err><![CDATA[Apr 01, 2025 6:47:43 PM org.openqa.selenium.devtools.CdpVersionFinder findNearestMatch
WARNING: Unable to find CDP implementation matching 134
Apr 01, 2025 6:47:43 PM org.openqa.selenium.chromium.ChromiumDriver lambda$new$5
WARNING: Unable to find version of CDP to use for 134.0.6998.166. You may need to include a dependency on a specific version of the CDP using something similar to `org.seleniumhq.selenium:selenium-devtools-v86:4.17.0` where the version ("v86") matches the version of the chromium-based browser you're using and the version number of the artifact is the same as Selenium's.
]]></system-err>
  </testcase>
  <testcase name="testRankButtonDisabledWithEmptyFields" classname="com.rankinggame.testcases.InputPageTest" time="1.722">
    <failure message="Rank button should be disabled when a field is empty expected [false] but found [true]" type="java.lang.AssertionError"><![CDATA[java.lang.AssertionError: Rank button should be disabled when a field is empty expected [false] but found [true]
	at org.testng.Assert.fail(Assert.java:111)
	at org.testng.Assert.failNotEquals(Assert.java:1578)
	at org.testng.Assert.assertFalse(Assert.java:79)
	at com.rankinggame.testcases.InputPageTest.testRankButtonDisabledWithEmptyFields(InputPageTest.java:150)
	at java.base/jdk.internal.reflect.DirectMethodHandleAccessor.invoke(DirectMethodHandleAccessor.java:103)
	at java.base/java.lang.reflect.Method.invoke(Method.java:580)
	at org.testng.internal.invokers.MethodInvocationHelper.invokeMethod(MethodInvocationHelper.java:139)
	at org.testng.internal.invokers.TestInvoker.invokeMethod(TestInvoker.java:664)
	at org.testng.internal.invokers.TestInvoker.invokeTestMethod(TestInvoker.java:228)
	at org.testng.internal.invokers.MethodRunner.runInSequence(MethodRunner.java:63)
	at org.testng.internal.invokers.TestInvoker$MethodInvocationAgent.invoke(TestInvoker.java:961)
	at org.testng.internal.invokers.TestInvoker.invokeTestMethods(TestInvoker.java:201)
	at org.testng.internal.invokers.TestMethodWorker.invokeTestMethods(TestMethodWorker.java:148)
	at org.testng.internal.invokers.TestMethodWorker.run(TestMethodWorker.java:128)
	at java.base/java.util.ArrayList.forEach(ArrayList.java:1596)
	at org.testng.TestRunner.privateRun(TestRunner.java:819)
	at org.testng.TestRunner.run(TestRunner.java:619)
	at org.testng.SuiteRunner.runTest(SuiteRunner.java:443)
	at org.testng.SuiteRunner.runSequentially(SuiteRunner.java:437)
	at org.testng.SuiteRunner.privateRun(SuiteRunner.java:397)
	at org.testng.SuiteRunner.run(SuiteRunner.java:336)
	at org.testng.SuiteRunnerWorker.runSuite(SuiteRunnerWorker.java:52)
	at org.testng.SuiteRunnerWorker.run(SuiteRunnerWorker.java:95)
	at org.testng.TestNG.runSuitesSequentially(TestNG.java:1301)
	at org.testng.TestNG.runSuitesLocally(TestNG.java:1228)
	at org.testng.TestNG.runSuites(TestNG.java:1134)
	at org.testng.TestNG.run(TestNG.java:1101)
	at org.apache.maven.surefire.testng.TestNGExecutor.run(TestNGExecutor.java:308)
	at org.apache.maven.surefire.testng.TestNGXmlTestSuite.execute(TestNGXmlTestSuite.java:71)
	at org.apache.maven.surefire.testng.TestNGProvider.invoke(TestNGProvider.java:113)
	at org.apache.maven.surefire.booter.ForkedBooter.runSuitesInProcess(ForkedBooter.java:385)
	at org.apache.maven.surefire.booter.ForkedBooter.execute(ForkedBooter.java:162)
	at org.apache.maven.surefire.booter.ForkedBooter.run(ForkedBooter.java:507)
	at org.apache.maven.surefire.booter.ForkedBooter.main(ForkedBooter.java:495)
]]></failure>
    <system-out><![CDATA[18:47:45.205 [main] DEBUG io.github.bonigarcia.wdm.WebDriverManager -- Using WebDriverManager 5.6.3
18:47:45.207 [main] DEBUG io.github.bonigarcia.wdm.cache.ResolutionCache -- Resolution chrome=134 in cache (valid until 19:39:51 01/04/2025 PDT)
18:47:45.207 [main] DEBUG io.github.bonigarcia.wdm.cache.ResolutionCache -- Resolution chrome134=134.0.6998.165 in cache (valid until 16:06:53 02/04/2025 PDT)
18:47:45.207 [main] INFO io.github.bonigarcia.wdm.WebDriverManager -- Using chromedriver 134.0.6998.165 (resolved driver for Chrome 134)
18:47:45.208 [main] DEBUG io.github.bonigarcia.wdm.WebDriverManager -- Driver chromedriver 134.0.6998.165 found in cache
18:47:45.209 [main] INFO io.github.bonigarcia.wdm.WebDriverManager -- Exporting webdriver.chrome.driver as /Users/ruth/.cache/selenium/chromedriver/mac-arm64/134.0.6998.165/chromedriver
]]></system-out>
    <system-err><![CDATA[Apr 01, 2025 6:47:45 PM org.openqa.selenium.devtools.CdpVersionFinder findNearestMatch
WARNING: Unable to find CDP implementation matching 134
Apr 01, 2025 6:47:45 PM org.openqa.selenium.chromium.ChromiumDriver lambda$new$5
WARNING: Unable to find version of CDP to use for 134.0.6998.166. You may need to include a dependency on a specific version of the CDP using something similar to `org.seleniumhq.selenium:selenium-devtools-v86:4.17.0` where the version ("v86") matches the version of the chromium-based browser you're using and the version number of the artifact is the same as Selenium's.
]]></system-err>
  </testcase>
  <testcase name="testRankButtonEnabledAfterInput" classname="com.rankinggame.testcases.InputPageTest" time="0.651">
    <system-out><![CDATA[18:47:49.185 [main] DEBUG io.github.bonigarcia.wdm.WebDriverManager -- Using WebDriverManager 5.6.3
18:47:49.189 [main] DEBUG io.github.bonigarcia.wdm.cache.ResolutionCache -- Resolution chrome=134 in cache (valid until 19:39:51 01/04/2025 PDT)
18:47:49.189 [main] DEBUG io.github.bonigarcia.wdm.cache.ResolutionCache -- Resolution chrome134=134.0.6998.165 in cache (valid until 16:06:53 02/04/2025 PDT)
18:47:49.189 [main] INFO io.github.bonigarcia.wdm.WebDriverManager -- Using chromedriver 134.0.6998.165 (resolved driver for Chrome 134)
18:47:49.190 [main] DEBUG io.github.bonigarcia.wdm.WebDriverManager -- Driver chromedriver 134.0.6998.165 found in cache
18:47:49.191 [main] INFO io.github.bonigarcia.wdm.WebDriverManager -- Exporting webdriver.chrome.driver as /Users/ruth/.cache/selenium/chromedriver/mac-arm64/134.0.6998.165/chromedriver
]]></system-out>
    <system-err><![CDATA[Apr 01, 2025 6:47:49 PM org.openqa.selenium.devtools.CdpVersionFinder findNearestMatch
WARNING: Unable to find CDP implementation matching 134
Apr 01, 2025 6:47:49 PM org.openqa.selenium.chromium.ChromiumDriver lambda$new$5
WARNING: Unable to find version of CDP to use for 134.0.6998.166. You may need to include a dependency on a specific version of the CDP using something similar to `org.seleniumhq.selenium:selenium-devtools-v86:4.17.0` where the version ("v86") matches the version of the chromium-based browser you're using and the version number of the artifact is the same as Selenium's.
]]></system-err>
  </testcase>
  <testcase name="testRemoveField" classname="com.rankinggame.testcases.InputPageTest" time="2.06">
    <failure message="Expected field count to decrease from 4 to 3 but got 4 expected [3] but found [4]" type="java.lang.AssertionError"><![CDATA[java.lang.AssertionError: Expected field count to decrease from 4 to 3 but got 4 expected [3] but found [4]
	at org.testng.Assert.fail(Assert.java:111)
	at org.testng.Assert.failNotEquals(Assert.java:1578)
	at org.testng.Assert.assertEqualsImpl(Assert.java:150)
	at org.testng.Assert.assertEquals(Assert.java:132)
	at org.testng.Assert.assertEquals(Assert.java:1419)
	at org.testng.Assert.assertEquals(Assert.java:1383)
	at com.rankinggame.testcases.InputPageTest.testRemoveField(InputPageTest.java:91)
	at java.base/jdk.internal.reflect.DirectMethodHandleAccessor.invoke(DirectMethodHandleAccessor.java:103)
	at java.base/java.lang.reflect.Method.invoke(Method.java:580)
	at org.testng.internal.invokers.MethodInvocationHelper.invokeMethod(MethodInvocationHelper.java:139)
	at org.testng.internal.invokers.TestInvoker.invokeMethod(TestInvoker.java:664)
	at org.testng.internal.invokers.TestInvoker.invokeTestMethod(TestInvoker.java:228)
	at org.testng.internal.invokers.MethodRunner.runInSequence(MethodRunner.java:63)
	at org.testng.internal.invokers.TestInvoker$MethodInvocationAgent.invoke(TestInvoker.java:961)
	at org.testng.internal.invokers.TestInvoker.invokeTestMethods(TestInvoker.java:201)
	at org.testng.internal.invokers.TestMethodWorker.invokeTestMethods(TestMethodWorker.java:148)
	at org.testng.internal.invokers.TestMethodWorker.run(TestMethodWorker.java:128)
	at java.base/java.util.ArrayList.forEach(ArrayList.java:1596)
	at org.testng.TestRunner.privateRun(TestRunner.java:819)
	at org.testng.TestRunner.run(TestRunner.java:619)
	at org.testng.SuiteRunner.runTest(SuiteRunner.java:443)
	at org.testng.SuiteRunner.runSequentially(SuiteRunner.java:437)
	at org.testng.SuiteRunner.privateRun(SuiteRunner.java:397)
	at org.testng.SuiteRunner.run(SuiteRunner.java:336)
	at org.testng.SuiteRunnerWorker.runSuite(SuiteRunnerWorker.java:52)
	at org.testng.SuiteRunnerWorker.run(SuiteRunnerWorker.java:95)
	at org.testng.TestNG.runSuitesSequentially(TestNG.java:1301)
	at org.testng.TestNG.runSuitesLocally(TestNG.java:1228)
	at org.testng.TestNG.runSuites(TestNG.java:1134)
	at org.testng.TestNG.run(TestNG.java:1101)
	at org.apache.maven.surefire.testng.TestNGExecutor.run(TestNGExecutor.java:308)
	at org.apache.maven.surefire.testng.TestNGXmlTestSuite.execute(TestNGXmlTestSuite.java:71)
	at org.apache.maven.surefire.testng.TestNGProvider.invoke(TestNGProvider.java:113)
	at org.apache.maven.surefire.booter.ForkedBooter.runSuitesInProcess(ForkedBooter.java:385)
	at org.apache.maven.surefire.booter.ForkedBooter.execute(ForkedBooter.java:162)
	at org.apache.maven.surefire.booter.ForkedBooter.run(ForkedBooter.java:507)
	at org.apache.maven.surefire.booter.ForkedBooter.main(ForkedBooter.java:495)
]]></failure>
    <system-out><![CDATA[18:47:52.060 [main] DEBUG io.github.bonigarcia.wdm.WebDriverManager -- Using WebDriverManager 5.6.3
18:47:52.062 [main] DEBUG io.github.bonigarcia.wdm.cache.ResolutionCache -- Resolution chrome=134 in cache (valid until 19:39:51 01/04/2025 PDT)
18:47:52.063 [main] DEBUG io.github.bonigarcia.wdm.cache.ResolutionCache -- Resolution chrome134=134.0.6998.165 in cache (valid until 16:06:53 02/04/2025 PDT)
18:47:52.063 [main] INFO io.github.bonigarcia.wdm.WebDriverManager -- Using chromedriver 134.0.6998.165 (resolved driver for Chrome 134)
18:47:52.064 [main] DEBUG io.github.bonigarcia.wdm.WebDriverManager -- Driver chromedriver 134.0.6998.165 found in cache
18:47:52.064 [main] INFO io.github.bonigarcia.wdm.WebDriverManager -- Exporting webdriver.chrome.driver as /Users/ruth/.cache/selenium/chromedriver/mac-arm64/134.0.6998.165/chromedriver
]]></system-out>
    <system-err><![CDATA[Apr 01, 2025 6:47:52 PM org.openqa.selenium.devtools.CdpVersionFinder findNearestMatch
WARNING: Unable to find CDP implementation matching 134
Apr 01, 2025 6:47:52 PM org.openqa.selenium.chromium.ChromiumDriver lambda$new$5
WARNING: Unable to find version of CDP to use for 134.0.6998.166. You may need to include a dependency on a specific version of the CDP using something similar to `org.seleniumhq.selenium:selenium-devtools-v86:4.17.0` where the version ("v86") matches the version of the chromium-based browser you're using and the version number of the artifact is the same as Selenium's.
]]></system-err>
  </testcase>
  <testcase name="testResetButton" classname="com.rankinggame.testcases.InputPageTest" time="0.123">
    <system-out><![CDATA[18:47:56.378 [main] DEBUG io.github.bonigarcia.wdm.WebDriverManager -- Using WebDriverManager 5.6.3
18:47:56.382 [main] DEBUG io.github.bonigarcia.wdm.cache.ResolutionCache -- Resolution chrome=134 in cache (valid until 19:39:51 01/04/2025 PDT)
18:47:56.382 [main] DEBUG io.github.bonigarcia.wdm.cache.ResolutionCache -- Resolution chrome134=134.0.6998.165 in cache (valid until 16:06:53 02/04/2025 PDT)
18:47:56.382 [main] INFO io.github.bonigarcia.wdm.WebDriverManager -- Using chromedriver 134.0.6998.165 (resolved driver for Chrome 134)
18:47:56.383 [main] DEBUG io.github.bonigarcia.wdm.WebDriverManager -- Driver chromedriver 134.0.6998.165 found in cache
18:47:56.384 [main] INFO io.github.bonigarcia.wdm.WebDriverManager -- Exporting webdriver.chrome.driver as /Users/ruth/.cache/selenium/chromedriver/mac-arm64/134.0.6998.165/chromedriver
]]></system-out>
    <system-err><![CDATA[Apr 01, 2025 6:47:56 PM org.openqa.selenium.devtools.CdpVersionFinder findNearestMatch
WARNING: Unable to find CDP implementation matching 134
Apr 01, 2025 6:47:56 PM org.openqa.selenium.chromium.ChromiumDriver lambda$new$5
WARNING: Unable to find version of CDP to use for 134.0.6998.166. You may need to include a dependency on a specific version of the CDP using something similar to `org.seleniumhq.selenium:selenium-devtools-v86:4.17.0` where the version ("v86") matches the version of the chromium-based browser you're using and the version number of the artifact is the same as Selenium's.
]]></system-err>
  </testcase>
</testsuite>