<?xml version="1.0" encoding="UTF-8"?>
<testng-results ignored="0" total="2" passed="2" failed="0" skipped="0">
  <reporter-output>
  </reporter-output>
  <suite started-at="2025-04-01T16:09:30 PDT" name="Web Testing Suite" finished-at="2025-04-01T16:09:34 PDT" duration-ms="4041">
    <groups>
    </groups>
    <test started-at="2025-04-01T16:09:30 PDT" name="Firefox Tests" finished-at="2025-04-01T16:09:30 PDT" duration-ms="3">
    </test> <!-- Firefox Tests -->
    <test started-at="2025-04-01T16:09:30 PDT" name="Home Page Tests" finished-at="2025-04-01T16:09:34 PDT" duration-ms="4041">
      <class name="com.rankinggame.testcases.HomePageTest">
        <test-method is-config="true" signature="setup()[pri:0, instance:com.rankinggame.testcases.HomePageTest@6f01b95f]" started-at="2025-04-01T16:09:30 PDT" name="setup" finished-at="2025-04-01T16:09:32 PDT" duration-ms="1817" status="PASS">
          <reporter-output>
          </reporter-output>
        </test-method> <!-- setup -->
        <test-method signature="testHomePageLoads()[pri:0, instance:com.rankinggame.testcases.HomePageTest@6f01b95f]" started-at="2025-04-01T16:09:32 PDT" name="testHomePageLoads" finished-at="2025-04-01T16:09:32 PDT" duration-ms="8" status="PASS">
          <reporter-output>
          </reporter-output>
        </test-method> <!-- testHomePageLoads -->
        <test-method is-config="true" signature="tearDown()[pri:0, instance:com.rankinggame.testcases.HomePageTest@6f01b95f]" started-at="2025-04-01T16:09:32 PDT" name="tearDown" finished-at="2025-04-01T16:09:32 PDT" duration-ms="89" status="PASS">
          <reporter-output>
          </reporter-output>
        </test-method> <!-- tearDown -->
        <test-method is-config="true" signature="setup()[pri:0, instance:com.rankinggame.testcases.HomePageTest@6f01b95f]" started-at="2025-04-01T16:09:32 PDT" name="setup" finished-at="2025-04-01T16:09:33 PDT" duration-ms="1049" status="PASS">
          <reporter-output>
          </reporter-output>
        </test-method> <!-- setup -->
        <test-method signature="testInputFieldIsVisibleAndInteractable()[pri:0, instance:com.rankinggame.testcases.HomePageTest@6f01b95f]" started-at="2025-04-01T16:09:33 PDT" name="testInputFieldIsVisibleAndInteractable" finished-at="2025-04-01T16:09:34 PDT" duration-ms="965" status="PASS">
          <reporter-output>
          </reporter-output>
        </test-method> <!-- testInputFieldIsVisibleAndInteractable -->
        <test-method is-config="true" signature="tearDown()[pri:0, instance:com.rankinggame.testcases.HomePageTest@6f01b95f]" started-at="2025-04-01T16:09:34 PDT" name="tearDown" finished-at="2025-04-01T16:09:34 PDT" duration-ms="96" status="PASS">
          <reporter-output>
          </reporter-output>
        </test-method> <!-- tearDown -->
      </class> <!-- com.rankinggame.testcases.HomePageTest -->
    </test> <!-- Home Page Tests -->
  </suite> <!-- Web Testing Suite -->
</testng-results>
