<?xml version="1.0" encoding="UTF-8"?>
<!-- Generated by org.testng.reporters.JUnitXMLReporter -->
<testsuite ignored="0" hostname="RMBA1.local" failures="0" tests="2" name="Home Page Tests" time="4.041" errors="0" timestamp="2025-04-01T16:09:34 PDT">
  <testcase classname="com.rankinggame.testcases.HomePageTest" name="testHomePageLoads" time="0.008"/>
  <testcase classname="com.rankinggame.testcases.HomePageTest" name="testInputFieldIsVisibleAndInteractable" time="0.965"/>
</testsuite> <!-- Home Page Tests -->
